<?xml version="1.0" encoding="UTF-8"?>
<!-- Generated by org.testng.reporters.JUnitXMLReporter -->
<testsuite hostname="HPDA0452" ignored="0" name="Default test" tests="6" failures="0" timestamp="28 Jun 2018 08:40:37 GMT" time="7.27" errors="0">
  <testcase name="testOpenBrowserAndChooseBasic" time="0.448" classname="TatocJSExecutor.TatocWithJSExecutor.TestTatoc"/>
  <testcase name="testGreenBox" time="0.17" classname="TatocJSExecutor.TatocWithJSExecutor.TestTatoc"/>
  <testcase name="testFrameDungeon" time="1.631" classname="TatocJSExecutor.TatocWithJSExecutor.TestTatoc"/>
  <testcase name="testDragAndDrop" time="0.283" classname="TatocJSExecutor.TatocWithJSExecutor.TestTatoc"/>
  <testcase name="testPopUpWindow" time="1.391" classname="TatocJSExecutor.TatocWithJSExecutor.TestTatoc"/>
  <testcase name="testCookie" time="0.17" classname="TatocJSExecutor.TatocWithJSExecutor.TestTatoc"/>
</testsuite> <!-- Default test -->
